<?xml version="1.0" encoding="UTF-8"?>
<!-- Generated by org.testng.reporters.JUnitReportReporter -->
<testsuite skipped="0" hostname="CBT-LAB-035" name="qsp.Demo" tests="1" failures="0" timestamp="28 Jan 2018 11:22:02 GMT" time="26.468" errors="0">
  <testcase name="tesA" time="26.468" classname="qsp.Demo"/>
</testsuite> <!-- qsp.Demo -->
