<?xml version="1.0" encoding="UTF-8"?>
<!-- Generated by org.testng.reporters.JUnitReportReporter -->
<testsuite name="QSP.Demo" tests="1" time="21.450" ignored="0" failures="0" timestamp="28 Jan 2018 12:51:41 GMT" skipped="0" hostname="CBT-LAB-035" errors="0">
  <testcase name="tesA" time="21.450" classname="QSP.Demo"/>
</testsuite> <!-- QSP.Demo -->
